#
# There is insufficient memory for the Java Runtime Environment to continue.
# Native memory allocation (malloc) failed to allocate 1048576 bytes for AllocateHeap
# Possible reasons:
#   The system is out of physical RAM or swap space
#   The process is running with CompressedOops enabled, and the Java Heap may be blocking the growth of the native heap
# Possible solutions:
#   Reduce memory load on the system
#   Increase physical memory or swap space
#   Check if swap backing store is full
#   Decrease Java heap size (-Xmx/-Xms)
#   Decrease number of Java threads
#   Decrease Java thread stack sizes (-Xss)
#   Set larger code cache with -XX:ReservedCodeCacheSize=
#   JVM is running with Unscaled Compressed Oops mode in which the Java heap is
#     placed in the first 4GB address space. The Java Heap base address is the
#     maximum limit for the native heap growth. Please use -XX:HeapBaseMinAddress
#     to set the Java Heap base and to place the Java Heap above 4GB virtual address.
# This output file may be truncated or incomplete.
#
#  Out of Memory Error (./src/hotspot/share/memory/allocation.cpp:46), pid=2360, tid=3200
#
# JRE version: OpenJDK Runtime Environment Microsoft-7208460 (11.0.18+10) (build 11.0.18+10-LTS)
# Java VM: OpenJDK 64-Bit Server VM Microsoft-7208460 (11.0.18+10-LTS, mixed mode, tiered, compressed oops, g1 gc, windows-amd64)
# No core dump will be written. Minidumps are not enabled by default on client versions of Windows
#

---------------  S U M M A R Y ------------

Command Line: org.jetbrains.kotlin.cli.jvm.K2JVMCompiler @J:\laragon\www\app\node_modules\react-native-gesture-handler\android\build\20230611_294282169680059503.compiler.options

Host: Intel(R) Core(TM) i3-6006U CPU @ 2.00GHz, 4 cores, 7G,  Windows 10 , 64 bit Build 19041 (10.0.19041.2913)
Time: Sun Jun 11 00:28:31 2023 India Standard Time elapsed time: 108.281348 seconds (0d 0h 1m 48s)

---------------  T H R E A D  ---------------

Current thread (0x000001f035514000):  VMThread "VM Thread" [stack: 0x000000b0d3800000,0x000000b0d3900000] [id=3200]

Stack: [0x000000b0d3800000,0x000000b0d3900000]
[error occurred during error reporting (printing stack bounds), id 0xc0000005, EXCEPTION_ACCESS_VIOLATION (0xc0000005) at pc=0x000001f01ed7112d]

Native frames: (J=compiled Java code, j=interpreted, Vv=VM code, C=native code)
V  [jvm.dll+0x62bf8a]
V  [jvm.dll+0x7b8fb9]
V  [jvm.dll+0x7ba6a8]
V  [jvm.dll+0x7bace5]
V  [jvm.dll+0x7bac9b]
V  [jvm.dll+0x62b317]
V  [jvm.dll+0x62ba28]
C  [ntdll.dll+0xa23df]
C  [ntdll.dll+0x514a4]
C  [ntdll.dll+0xa0f0e]
C  0x000001f01ed7112d

VM_Operation (0x000000b0d32fdf40): CollectForMetadataAllocation, mode: safepoint, requested by thread 0x000001f014de0000


---------------  P R O C E S S  ---------------

Threads class SMR info:
_java_thread_list=0x000001f03929e8b0, length=10, elements={
0x000001f014de0000, 0x000001f03553a800, 0x000001f03553b800, 0x000001f035556000,
0x000001f035559000, 0x000001f03555a000, 0x000001f03555d000, 0x000001f035570800,
0x000001f035f1a800, 0x000001f03603b800
}

Java Threads: ( => current thread )
  0x000001f014de0000 JavaThread "main" [_thread_blocked, id=5808, stack(0x000000b0d3200000,0x000000b0d3300000)]
  0x000001f03553a800 JavaThread "Reference Handler" daemon [_thread_blocked, id=2820, stack(0x000000b0d3900000,0x000000b0d3a00000)]
  0x000001f03553b800 JavaThread "Finalizer" daemon [_thread_blocked, id=11164, stack(0x000000b0d3a00000,0x000000b0d3b00000)]
  0x000001f035556000 JavaThread "Signal Dispatcher" daemon [_thread_blocked, id=5304, stack(0x000000b0d3b00000,0x000000b0d3c00000)]
  0x000001f035559000 JavaThread "Attach Listener" daemon [_thread_blocked, id=10432, stack(0x000000b0d3c00000,0x000000b0d3d00000)]
  0x000001f03555a000 JavaThread "Service Thread" daemon [_thread_blocked, id=892, stack(0x000000b0d3d00000,0x000000b0d3e00000)]
  0x000001f03555d000 JavaThread "C2 CompilerThread0" daemon [_thread_blocked, id=6340, stack(0x000000b0d3e00000,0x000000b0d3f00000)]
  0x000001f035570800 JavaThread "C1 CompilerThread0" daemon [_thread_blocked, id=10664, stack(0x000000b0d3f00000,0x000000b0d4000000)]
  0x000001f035f1a800 JavaThread "Sweeper thread" daemon [_thread_blocked, id=5048, stack(0x000000b0d4000000,0x000000b0d4100000)]
  0x000001f03603b800 JavaThread "Common-Cleaner" daemon [_thread_blocked, id=1188, stack(0x000000b0d4200000,0x000000b0d4300000)]

Other Threads:
=>0x000001f035514000 VMThread "VM Thread" [stack: 0x000000b0d3800000,0x000000b0d3900000] [id=3200]
  0x000001f03602d000 WatcherThread [stack: 0x000000b0d4100000,0x000000b0d4200000] [id=4740]
  0x000001f014df6800 GCTaskThread "GC Thread#0" [stack: 0x000000b0d3300000,0x000000b0d3400000] [id=6556]
  0x000001f036463800 GCTaskThread "GC Thread#1" [stack: 0x000000b0d4300000,0x000000b0d4400000] [id=11880]
  0x000001f0364ab000 GCTaskThread "GC Thread#2" [stack: 0x000000b0d4400000,0x000000b0d4500000] [id=5696]
  0x000001f014e2a000 ConcurrentGCThread "G1 Main Marker" [stack: 0x000000b0d3400000,0x000000b0d3500000] [id=10588]
  0x000001f014e2c800 ConcurrentGCThread "G1 Conc#0" [stack: 0x000000b0d3500000,0x000000b0d3600000] [id=1152]
  0x000001f014ebe000 ConcurrentGCThread "G1 Refine#0" [stack: 0x000000b0d3600000,0x000000b0d3700000] [id=9732]
  0x000001f035380800 ConcurrentGCThread "G1 Young RemSet Sampling" [stack: 0x000000b0d3700000,0x000000b0d3800000] [id=5536]

Threads with active compile tasks:
C2 CompilerThread0   108313 16416       4       org.jetbrains.kotlin.backend.common.lower.ExpectDeclarationsRemoveLowering::transformFlat (15 bytes)

VM state:at safepoint (normal execution)

VM Mutex/Monitor currently owned by a thread:  ([mutex/lock_event])
[0x000001f014ddc0b0] Threads_lock - owner thread: 0x000001f035514000
[0x000001f014ddb330] Heap_lock - owner thread: 0x000001f014de0000

Heap address: 0x0000000081400000, size: 2028 MB, Compressed Oops mode: 32-bit
Narrow klass base: 0x0000000000000000, Narrow klass shift: 3
Compressed class space size: 1073741824 Address: 0x0000000100000000

Heap:
 garbage-first heap   total 157696K, used 94208K [0x0000000081400000, 0x0000000100000000)
  region size 1024K, 1 young (1024K), 1 survivors (1024K)
 Metaspace       used 81226K, capacity 82107K, committed 82224K, reserved 1130496K
  class space    used 8594K, capacity 8956K, committed 9052K, reserved 1048576K
Heap Regions: E=young(eden), S=young(survivor), O=old, HS=humongous(starts), HC=humongous(continues), CS=collection set, F=free, A=archive, TAMS=top-at-mark-start (previous, next)
|   0|0x0000000081400000, 0x0000000081500000, 0x0000000081500000|100%|HS|  |TAMS 0x0000000081500000, 0x0000000081500000| Complete 
|   1|0x0000000081500000, 0x0000000081600000, 0x0000000081600000|100%|HC|  |TAMS 0x0000000081600000, 0x0000000081600000| Complete 
|   2|0x0000000081600000, 0x0000000081700000, 0x0000000081700000|100%|HC|  |TAMS 0x0000000081700000, 0x0000000081700000| Complete 
|   3|0x0000000081700000, 0x0000000081800000, 0x0000000081800000|100%| O|  |TAMS 0x0000000081800000, 0x0000000081800000| Untracked 
|   4|0x0000000081800000, 0x0000000081900000, 0x0000000081900000|100%| O|  |TAMS 0x0000000081900000, 0x0000000081900000| Untracked 
|   5|0x0000000081900000, 0x0000000081a00000, 0x0000000081a00000|100%|HS|  |TAMS 0x0000000081a00000, 0x0000000081a00000| Complete 
|   6|0x0000000081a00000, 0x0000000081b00000, 0x0000000081b00000|100%|HC|  |TAMS 0x0000000081b00000, 0x0000000081b00000| Complete 
|   7|0x0000000081b00000, 0x0000000081c00000, 0x0000000081c00000|100%|HC|  |TAMS 0x0000000081c00000, 0x0000000081c00000| Complete 
|   8|0x0000000081c00000, 0x0000000081d00000, 0x0000000081d00000|100%|HS|  |TAMS 0x0000000081d00000, 0x0000000081d00000| Complete 
|   9|0x0000000081d00000, 0x0000000081e00000, 0x0000000081e00000|100%|HC|  |TAMS 0x0000000081e00000, 0x0000000081e00000| Complete 
|  10|0x0000000081e00000, 0x0000000081f00000, 0x0000000081f00000|100%| O|  |TAMS 0x0000000081f00000, 0x0000000081f00000| Untracked 
|  11|0x0000000081f00000, 0x0000000082000000, 0x0000000082000000|100%| O|  |TAMS 0x0000000082000000, 0x0000000082000000| Untracked 
|  12|0x0000000082000000, 0x0000000082100000, 0x0000000082100000|100%| O|  |TAMS 0x0000000082100000, 0x0000000082100000| Untracked 
|  13|0x0000000082100000, 0x0000000082200000, 0x0000000082200000|100%| O|  |TAMS 0x0000000082200000, 0x0000000082200000| Untracked 
|  14|0x0000000082200000, 0x0000000082300000, 0x0000000082300000|100%| O|  |TAMS 0x0000000082300000, 0x0000000082300000| Untracked 
|  15|0x0000000082300000, 0x0000000082400000, 0x0000000082400000|100%| O|  |TAMS 0x0000000082400000, 0x0000000082400000| Untracked 
|  16|0x0000000082400000, 0x0000000082500000, 0x0000000082500000|100%| O|  |TAMS 0x0000000082500000, 0x0000000082500000| Untracked 
|  17|0x0000000082500000, 0x0000000082600000, 0x0000000082600000|100%| O|  |TAMS 0x0000000082600000, 0x0000000082600000| Untracked 
|  18|0x0000000082600000, 0x0000000082700000, 0x0000000082700000|100%| O|  |TAMS 0x0000000082700000, 0x0000000082700000| Untracked 
|  19|0x0000000082700000, 0x0000000082800000, 0x0000000082800000|100%| O|  |TAMS 0x0000000082800000, 0x0000000082800000| Untracked 
|  20|0x0000000082800000, 0x0000000082900000, 0x0000000082900000|100%| O|  |TAMS 0x0000000082900000, 0x0000000082900000| Untracked 
|  21|0x0000000082900000, 0x0000000082a00000, 0x0000000082a00000|100%| O|  |TAMS 0x0000000082a00000, 0x0000000082a00000| Untracked 
|  22|0x0000000082a00000, 0x0000000082b00000, 0x0000000082b00000|100%| O|  |TAMS 0x0000000082b00000, 0x0000000082b00000| Untracked 
|  23|0x0000000082b00000, 0x0000000082c00000, 0x0000000082c00000|100%| O|  |TAMS 0x0000000082c00000, 0x0000000082c00000| Untracked 
|  24|0x0000000082c00000, 0x0000000082d00000, 0x0000000082d00000|100%| O|  |TAMS 0x0000000082d00000, 0x0000000082d00000| Untracked 
|  25|0x0000000082d00000, 0x0000000082e00000, 0x0000000082e00000|100%| O|  |TAMS 0x0000000082e00000, 0x0000000082e00000| Untracked 
|  26|0x0000000082e00000, 0x0000000082f00000, 0x0000000082f00000|100%| O|  |TAMS 0x0000000082f00000, 0x0000000082f00000| Untracked 
|  27|0x0000000082f00000, 0x0000000083000000, 0x0000000083000000|100%| O|  |TAMS 0x0000000083000000, 0x0000000083000000| Untracked 
|  28|0x0000000083000000, 0x0000000083100000, 0x0000000083100000|100%| O|  |TAMS 0x0000000083100000, 0x0000000083100000| Untracked 
|  29|0x0000000083100000, 0x0000000083200000, 0x0000000083200000|100%| O|  |TAMS 0x0000000083200000, 0x0000000083200000| Untracked 
|  30|0x0000000083200000, 0x0000000083300000, 0x0000000083300000|100%| O|  |TAMS 0x0000000083300000, 0x0000000083300000| Untracked 
|  31|0x0000000083300000, 0x0000000083400000, 0x0000000083400000|100%| O|  |TAMS 0x0000000083400000, 0x0000000083400000| Untracked 
|  32|0x0000000083400000, 0x0000000083500000, 0x0000000083500000|100%| O|  |TAMS 0x0000000083500000, 0x0000000083500000| Untracked 
|  33|0x0000000083500000, 0x0000000083600000, 0x0000000083600000|100%| O|  |TAMS 0x0000000083600000, 0x0000000083600000| Untracked 
|  34|0x0000000083600000, 0x0000000083700000, 0x0000000083700000|100%| O|  |TAMS 0x0000000083700000, 0x0000000083700000| Untracked 
|  35|0x0000000083700000, 0x0000000083800000, 0x0000000083800000|100%| O|  |TAMS 0x0000000083800000, 0x0000000083800000| Untracked 
|  36|0x0000000083800000, 0x0000000083900000, 0x0000000083900000|100%| O|  |TAMS 0x0000000083900000, 0x0000000083900000| Untracked 
|  37|0x0000000083900000, 0x0000000083a00000, 0x0000000083a00000|100%| O|  |TAMS 0x0000000083a00000, 0x0000000083a00000| Untracked 
|  38|0x0000000083a00000, 0x0000000083b00000, 0x0000000083b00000|100%| O|  |TAMS 0x0000000083b00000, 0x0000000083b00000| Untracked 
|  39|0x0000000083b00000, 0x0000000083c00000, 0x0000000083c00000|100%| O|  |TAMS 0x0000000083c00000, 0x0000000083c00000| Untracked 
|  40|0x0000000083c00000, 0x0000000083d00000, 0x0000000083d00000|100%| O|  |TAMS 0x0000000083d00000, 0x0000000083d00000| Untracked 
|  41|0x0000000083d00000, 0x0000000083e00000, 0x0000000083e00000|100%| O|  |TAMS 0x0000000083e00000, 0x0000000083e00000| Untracked 
|  42|0x0000000083e00000, 0x0000000083f00000, 0x0000000083f00000|100%| O|  |TAMS 0x0000000083f00000, 0x0000000083f00000| Untracked 
|  43|0x0000000083f00000, 0x0000000084000000, 0x0000000084000000|100%| O|  |TAMS 0x0000000084000000, 0x0000000084000000| Untracked 
|  44|0x0000000084000000, 0x0000000084100000, 0x0000000084100000|100%| O|  |TAMS 0x0000000084100000, 0x0000000084100000| Untracked 
|  45|0x0000000084100000, 0x0000000084200000, 0x0000000084200000|100%| O|  |TAMS 0x0000000084200000, 0x0000000084200000| Untracked 
|  46|0x0000000084200000, 0x0000000084300000, 0x0000000084300000|100%| O|  |TAMS 0x0000000084300000, 0x0000000084300000| Untracked 
|  47|0x0000000084300000, 0x0000000084400000, 0x0000000084400000|100%| O|  |TAMS 0x0000000084400000, 0x0000000084400000| Untracked 
|  48|0x0000000084400000, 0x0000000084500000, 0x0000000084500000|100%| O|  |TAMS 0x0000000084500000, 0x0000000084500000| Untracked 
|  49|0x0000000084500000, 0x0000000084600000, 0x0000000084600000|100%| O|  |TAMS 0x0000000084600000, 0x0000000084600000| Untracked 
|  50|0x0000000084600000, 0x0000000084700000, 0x0000000084700000|100%| O|  |TAMS 0x0000000084700000, 0x0000000084700000| Untracked 
|  51|0x0000000084700000, 0x0000000084800000, 0x0000000084800000|100%| O|  |TAMS 0x0000000084800000, 0x0000000084800000| Untracked 
|  52|0x0000000084800000, 0x0000000084900000, 0x0000000084900000|100%|HS|  |TAMS 0x0000000084900000, 0x0000000084900000| Complete 
|  53|0x0000000084900000, 0x0000000084a00000, 0x0000000084a00000|100%|HC|  |TAMS 0x0000000084a00000, 0x0000000084a00000| Complete 
|  54|0x0000000084a00000, 0x0000000084b00000, 0x0000000084b00000|100%| O|  |TAMS 0x0000000084b00000, 0x0000000084b00000| Untracked 
|  55|0x0000000084b00000, 0x0000000084c00000, 0x0000000084c00000|100%| O|  |TAMS 0x0000000084c00000, 0x0000000084c00000| Untracked 
|  56|0x0000000084c00000, 0x0000000084d00000, 0x0000000084d00000|100%| O|  |TAMS 0x0000000084d00000, 0x0000000084d00000| Untracked 
|  57|0x0000000084d00000, 0x0000000084e00000, 0x0000000084e00000|100%| O|  |TAMS 0x0000000084e00000, 0x0000000084e00000| Untracked 
|  58|0x0000000084e00000, 0x0000000084f00000, 0x0000000084f00000|100%| O|  |TAMS 0x0000000084f00000, 0x0000000084f00000| Untracked 
|  59|0x0000000084f00000, 0x0000000085000000, 0x0000000085000000|100%| O|  |TAMS 0x0000000085000000, 0x0000000085000000| Untracked 
|  60|0x0000000085000000, 0x0000000085100000, 0x0000000085100000|100%| O|  |TAMS 0x0000000085100000, 0x0000000085100000| Untracked 
|  61|0x0000000085100000, 0x0000000085200000, 0x0000000085200000|100%| O|  |TAMS 0x0000000085200000, 0x0000000085200000| Untracked 
|  62|0x0000000085200000, 0x0000000085300000, 0x0000000085300000|100%| O|  |TAMS 0x0000000085300000, 0x0000000085300000| Untracked 
|  63|0x0000000085300000, 0x0000000085400000, 0x0000000085400000|100%| O|  |TAMS 0x0000000085400000, 0x0000000085400000| Untracked 
|  64|0x0000000085400000, 0x0000000085500000, 0x0000000085500000|100%| O|  |TAMS 0x0000000085500000, 0x0000000085500000| Untracked 
|  65|0x0000000085500000, 0x0000000085600000, 0x0000000085600000|100%| O|  |TAMS 0x0000000085600000, 0x0000000085600000| Untracked 
|  66|0x0000000085600000, 0x0000000085700000, 0x0000000085700000|100%| O|  |TAMS 0x0000000085700000, 0x0000000085700000| Untracked 
|  67|0x0000000085700000, 0x0000000085800000, 0x0000000085800000|100%| O|  |TAMS 0x0000000085800000, 0x0000000085800000| Untracked 
|  68|0x0000000085800000, 0x0000000085900000, 0x0000000085900000|100%| O|  |TAMS 0x0000000085900000, 0x0000000085900000| Untracked 
|  69|0x0000000085900000, 0x0000000085a00000, 0x0000000085a00000|100%| O|  |TAMS 0x0000000085a00000, 0x0000000085a00000| Untracked 
|  70|0x0000000085a00000, 0x0000000085b00000, 0x0000000085b00000|100%| O|  |TAMS 0x0000000085b00000, 0x0000000085b00000| Untracked 
|  71|0x0000000085b00000, 0x0000000085c00000, 0x0000000085c00000|100%| O|  |TAMS 0x0000000085c00000, 0x0000000085c00000| Untracked 
|  72|0x0000000085c00000, 0x0000000085d00000, 0x0000000085d00000|100%| O|  |TAMS 0x0000000085d00000, 0x0000000085d00000| Untracked 
|  73|0x0000000085d00000, 0x0000000085e00000, 0x0000000085e00000|100%| O|  |TAMS 0x0000000085e00000, 0x0000000085e00000| Untracked 
|  74|0x0000000085e00000, 0x0000000085f00000, 0x0000000085f00000|100%| O|  |TAMS 0x0000000085f00000, 0x0000000085f00000| Untracked 
|  75|0x0000000085f00000, 0x0000000086000000, 0x0000000086000000|100%| O|  |TAMS 0x0000000086000000, 0x0000000086000000| Untracked 
|  76|0x0000000086000000, 0x0000000086100000, 0x0000000086100000|100%| O|  |TAMS 0x0000000086100000, 0x0000000086100000| Untracked 
|  77|0x0000000086100000, 0x0000000086200000, 0x0000000086200000|100%| O|  |TAMS 0x00000000861f9000, 0x0000000086200000| Untracked 
|  78|0x0000000086200000, 0x0000000086300000, 0x0000000086300000|100%| O|  |TAMS 0x0000000086200000, 0x0000000086300000| Untracked 
|  79|0x0000000086300000, 0x0000000086400000, 0x0000000086400000|100%| O|  |TAMS 0x0000000086300000, 0x0000000086400000| Untracked 
|  80|0x0000000086400000, 0x0000000086500000, 0x0000000086500000|100%| O|  |TAMS 0x0000000086400000, 0x0000000086500000| Untracked 
|  81|0x0000000086500000, 0x0000000086600000, 0x0000000086600000|100%| O|  |TAMS 0x0000000086500000, 0x0000000086600000| Untracked 
|  82|0x0000000086600000, 0x0000000086700000, 0x0000000086700000|100%| O|  |TAMS 0x0000000086600000, 0x0000000086700000| Untracked 
|  83|0x0000000086700000, 0x0000000086800000, 0x0000000086800000|100%| O|  |TAMS 0x0000000086700000, 0x0000000086800000| Untracked 
|  84|0x0000000086800000, 0x0000000086900000, 0x0000000086900000|100%| O|  |TAMS 0x0000000086800000, 0x0000000086900000| Untracked 
|  85|0x0000000086900000, 0x0000000086a00000, 0x0000000086a00000|100%| O|  |TAMS 0x0000000086900000, 0x0000000086a00000| Untracked 
|  86|0x0000000086a00000, 0x0000000086b00000, 0x0000000086b00000|100%| O|  |TAMS 0x0000000086a00000, 0x0000000086b00000| Untracked 
|  87|0x0000000086b00000, 0x0000000086c00000, 0x0000000086c00000|100%| O|  |TAMS 0x0000000086b00000, 0x0000000086c00000| Untracked 
|  88|0x0000000086c00000, 0x0000000086d00000, 0x0000000086d00000|100%| O|  |TAMS 0x0000000086c00000, 0x0000000086d00000| Untracked 
|  89|0x0000000086d00000, 0x0000000086e00000, 0x0000000086e00000|100%| O|  |TAMS 0x0000000086d00000, 0x0000000086e00000| Untracked 
|  90|0x0000000086e00000, 0x0000000086f00000, 0x0000000086f00000|100%| O|  |TAMS 0x0000000086e00000, 0x0000000086f00000| Untracked 
|  91|0x0000000086f00000, 0x0000000086f00000, 0x0000000087000000|  0%| F|  |TAMS 0x0000000086f00000, 0x0000000086f00000| Untracked 
|  92|0x0000000087000000, 0x0000000087000000, 0x0000000087100000|  0%| F|  |TAMS 0x0000000087000000, 0x0000000087000000| Untracked 
|  93|0x0000000087100000, 0x0000000087100000, 0x0000000087200000|  0%| F|  |TAMS 0x0000000087100000, 0x0000000087100000| Untracked 
|  94|0x0000000087200000, 0x0000000087200000, 0x0000000087300000|  0%| F|  |TAMS 0x0000000087200000, 0x0000000087200000| Untracked 
|  95|0x0000000087300000, 0x0000000087300000, 0x0000000087400000|  0%| F|  |TAMS 0x0000000087300000, 0x0000000087300000| Untracked 
|  96|0x0000000087400000, 0x0000000087400000, 0x0000000087500000|  0%| F|  |TAMS 0x0000000087400000, 0x0000000087400000| Untracked 
|  97|0x0000000087500000, 0x0000000087500000, 0x0000000087600000|  0%| F|  |TAMS 0x0000000087500000, 0x0000000087500000| Untracked 
|  98|0x0000000087600000, 0x0000000087600000, 0x0000000087700000|  0%| F|  |TAMS 0x0000000087600000, 0x0000000087600000| Untracked 
|  99|0x0000000087700000, 0x0000000087700000, 0x0000000087800000|  0%| F|  |TAMS 0x0000000087700000, 0x0000000087700000| Untracked 
| 100|0x0000000087800000, 0x0000000087800000, 0x0000000087900000|  0%| F|  |TAMS 0x0000000087800000, 0x0000000087800000| Untracked 
| 101|0x0000000087900000, 0x0000000087900000, 0x0000000087a00000|  0%| F|  |TAMS 0x0000000087900000, 0x0000000087900000| Untracked 
| 102|0x0000000087a00000, 0x0000000087a00000, 0x0000000087b00000|  0%| F|  |TAMS 0x0000000087a00000, 0x0000000087a00000| Untracked 
| 103|0x0000000087b00000, 0x0000000087b00000, 0x0000000087c00000|  0%| F|  |TAMS 0x0000000087b00000, 0x0000000087b00000| Untracked 
| 104|0x0000000087c00000, 0x0000000087c00000, 0x0000000087d00000|  0%| F|  |TAMS 0x0000000087c00000, 0x0000000087c00000| Untracked 
| 105|0x0000000087d00000, 0x0000000087d00000, 0x0000000087e00000|  0%| F|  |TAMS 0x0000000087d00000, 0x0000000087d00000| Untracked 
| 106|0x0000000087e00000, 0x0000000087e00000, 0x0000000087f00000|  0%| F|  |TAMS 0x0000000087e00000, 0x0000000087e00000| Untracked 
| 107|0x0000000087f00000, 0x0000000087f00000, 0x0000000088000000|  0%| F|  |TAMS 0x0000000087f00000, 0x0000000087f00000| Untracked 
| 108|0x0000000088000000, 0x0000000088000000, 0x0000000088100000|  0%| F|  |TAMS 0x0000000088000000, 0x0000000088000000| Untracked 
| 109|0x0000000088100000, 0x0000000088100000, 0x0000000088200000|  0%| F|  |TAMS 0x0000000088100000, 0x0000000088100000| Untracked 
| 110|0x0000000088200000, 0x0000000088200000, 0x0000000088300000|  0%| F|  |TAMS 0x0000000088200000, 0x0000000088200000| Untracked 
| 111|0x0000000088300000, 0x0000000088300000, 0x0000000088400000|  0%| F|  |TAMS 0x0000000088300000, 0x0000000088300000| Untracked 
| 112|0x0000000088400000, 0x0000000088400000, 0x0000000088500000|  0%| F|  |TAMS 0x0000000088400000, 0x0000000088400000| Untracked 
| 113|0x0000000088500000, 0x0000000088500000, 0x0000000088600000|  0%| F|  |TAMS 0x0000000088500000, 0x0000000088500000| Untracked 
| 114|0x0000000088600000, 0x0000000088600000, 0x0000000088700000|  0%| F|  |TAMS 0x0000000088600000, 0x0000000088600000| Untracked 
| 115|0x0000000088700000, 0x0000000088700000, 0x0000000088800000|  0%| F|  |TAMS 0x0000000088700000, 0x0000000088700000| Untracked 
| 116|0x0000000088800000, 0x0000000088800000, 0x0000000088900000|  0%| F|  |TAMS 0x0000000088800000, 0x0000000088800000| Untracked 
| 117|0x0000000088900000, 0x0000000088900000, 0x0000000088a00000|  0%| F|  |TAMS 0x0000000088900000, 0x0000000088900000| Untracked 
| 118|0x0000000088a00000, 0x0000000088a00000, 0x0000000088b00000|  0%| F|  |TAMS 0x0000000088a00000, 0x0000000088a00000| Untracked 
| 119|0x0000000088b00000, 0x0000000088b00000, 0x0000000088c00000|  0%| F|  |TAMS 0x0000000088b00000, 0x0000000088b00000| Untracked 
| 120|0x0000000088c00000, 0x0000000088c00000, 0x0000000088d00000|  0%| F|  |TAMS 0x0000000088c00000, 0x0000000088c00000| Untracked 
| 121|0x0000000088d00000, 0x0000000088d00000, 0x0000000088e00000|  0%| F|  |TAMS 0x0000000088d00000, 0x0000000088d00000| Untracked 
| 122|0x0000000088e00000, 0x0000000088e00000, 0x0000000088f00000|  0%| F|  |TAMS 0x0000000088e00000, 0x0000000088e00000| Untracked 
| 123|0x0000000088f00000, 0x0000000088f00000, 0x0000000089000000|  0%| F|  |TAMS 0x0000000088f00000, 0x0000000088f00000| Untracked 
| 124|0x0000000089000000, 0x0000000089000000, 0x0000000089100000|  0%| F|  |TAMS 0x0000000089000000, 0x0000000089000000| Untracked 
| 125|0x0000000089100000, 0x0000000089100000, 0x0000000089200000|  0%| F|  |TAMS 0x0000000089100000, 0x0000000089100000| Untracked 
| 126|0x0000000089200000, 0x0000000089200000, 0x0000000089300000|  0%| F|  |TAMS 0x0000000089200000, 0x0000000089200000| Untracked 
| 127|0x0000000089300000, 0x0000000089300000, 0x0000000089400000|  0%| F|  |TAMS 0x0000000089300000, 0x0000000089300000| Untracked 
| 128|0x0000000089400000, 0x0000000089400000, 0x0000000089500000|  0%| F|  |TAMS 0x0000000089400000, 0x0000000089400000| Untracked 
| 129|0x0000000089500000, 0x0000000089500000, 0x0000000089600000|  0%| F|  |TAMS 0x0000000089500000, 0x0000000089500000| Untracked 
| 130|0x0000000089600000, 0x0000000089600000, 0x0000000089700000|  0%| F|  |TAMS 0x0000000089600000, 0x0000000089600000| Untracked 
| 131|0x0000000089700000, 0x0000000089700000, 0x0000000089800000|  0%| F|  |TAMS 0x0000000089700000, 0x0000000089700000| Untracked 
| 132|0x0000000089800000, 0x0000000089800000, 0x0000000089900000|  0%| F|  |TAMS 0x0000000089800000, 0x0000000089800000| Untracked 
| 133|0x0000000089900000, 0x0000000089900000, 0x0000000089a00000|  0%| F|  |TAMS 0x0000000089900000, 0x0000000089900000| Untracked 
| 134|0x0000000089a00000, 0x0000000089a00000, 0x0000000089b00000|  0%| F|  |TAMS 0x0000000089a00000, 0x0000000089a00000| Untracked 
| 135|0x0000000089b00000, 0x0000000089b00000, 0x0000000089c00000|  0%| F|  |TAMS 0x0000000089b00000, 0x0000000089b00000| Untracked 
| 136|0x0000000089c00000, 0x0000000089c00000, 0x0000000089d00000|  0%| F|  |TAMS 0x0000000089c00000, 0x0000000089c00000| Untracked 
| 137|0x0000000089d00000, 0x0000000089d00000, 0x0000000089e00000|  0%| F|  |TAMS 0x0000000089d00000, 0x0000000089d00000| Untracked 
| 138|0x0000000089e00000, 0x0000000089e00000, 0x0000000089f00000|  0%| F|  |TAMS 0x0000000089e00000, 0x0000000089e00000| Untracked 
| 139|0x0000000089f00000, 0x0000000089f00000, 0x000000008a000000|  0%| F|  |TAMS 0x0000000089f00000, 0x0000000089f00000| Untracked 
| 140|0x000000008a000000, 0x000000008a000000, 0x000000008a100000|  0%| F|  |TAMS 0x000000008a000000, 0x000000008a000000| Untracked 
| 141|0x000000008a100000, 0x000000008a100000, 0x000000008a200000|  0%| F|  |TAMS 0x000000008a100000, 0x000000008a100000| Untracked 
| 142|0x000000008a200000, 0x000000008a200000, 0x000000008a300000|  0%| F|  |TAMS 0x000000008a200000, 0x000000008a200000| Untracked 
| 143|0x000000008a300000, 0x000000008a400000, 0x000000008a400000|100%| S|CS|TAMS 0x000000008a300000, 0x000000008a300000| Complete 
| 144|0x000000008a400000, 0x000000008a400000, 0x000000008a500000|  0%| F|  |TAMS 0x000000008a400000, 0x000000008a400000| Untracked 
| 145|0x000000008a500000, 0x000000008a500000, 0x000000008a600000|  0%| F|  |TAMS 0x000000008a500000, 0x000000008a500000| Untracked 
| 146|0x000000008a600000, 0x000000008a600000, 0x000000008a700000|  0%| F|  |TAMS 0x000000008a600000, 0x000000008a600000| Untracked 
| 147|0x000000008a700000, 0x000000008a700000, 0x000000008a800000|  0%| F|  |TAMS 0x000000008a700000, 0x000000008a700000| Untracked 
| 148|0x000000008a800000, 0x000000008a800000, 0x000000008a900000|  0%| F|  |TAMS 0x000000008a800000, 0x000000008a800000| Untracked 
| 149|0x000000008a900000, 0x000000008a900000, 0x000000008aa00000|  0%| F|  |TAMS 0x000000008a900000, 0x000000008a900000| Untracked 
| 150|0x000000008aa00000, 0x000000008aa00000, 0x000000008ab00000|  0%| F|  |TAMS 0x000000008aa00000, 0x000000008aa00000| Untracked 
| 151|0x000000008ab00000, 0x000000008ab00000, 0x000000008ac00000|  0%| F|  |TAMS 0x000000008ab00000, 0x000000008ab00000| Untracked 
| 152|0x000000008ac00000, 0x000000008ac00000, 0x000000008ad00000|  0%| F|  |TAMS 0x000000008ac00000, 0x000000008ac00000| Untracked 
| 153|0x000000008ad00000, 0x000000008ad00000, 0x000000008ae00000|  0%| F|  |TAMS 0x000000008ad00000, 0x000000008ad00000| Untracked 

Card table byte_map: [0x000001f02e790000,0x000001f02eb90000] _byte_map_base: 0x000001f02e386000

Marking Bits (Prev, Next): (CMBitMap*) 0x000001f014e21100, (CMBitMap*) 0x000001f014e210c8
 Prev Bits: [0x000001f030f40000, 0x000001f032ef0000)
 Next Bits: [0x000001f02ef90000, 0x000001f030f40000)

Polling page: 0x000001f014ec0000

Metaspace:

Usage:
  Non-class:     71.44 MB capacity,    70.93 MB (>99%) used,   377.24 KB ( <1%) free+waste,   141.00 KB ( <1%) overhead. 
      Class:      8.75 MB capacity,     8.39 MB ( 96%) used,   303.39 KB (  3%) free+waste,    58.44 KB ( <1%) overhead. 
       Both:     80.18 MB capacity,    79.32 MB ( 99%) used,   680.63 KB ( <1%) free+waste,   199.44 KB ( <1%) overhead. 

Virtual space:
  Non-class space:       80.00 MB reserved,      71.46 MB ( 89%) committed 
      Class space:        1.00 GB reserved,       8.84 MB ( <1%) committed 
             Both:        1.08 GB reserved,      80.30 MB (  7%) committed 

Chunk freelists:
   Non-Class:  21.00 KB
       Class:  4.00 KB
        Both:  25.00 KB

MaxMetaspaceSize: 17179869184.00 GB
CompressedClassSpaceSize: 1.00 GB
Initial GC threshold: 20.80 MB
Current GC threshold: 130.40 MB
CDS: off

CodeHeap 'non-profiled nmethods': size=120064Kb used=12371Kb max_used=12732Kb free=107692Kb
 bounds [0x000001f026830000, 0x000001f0274a0000, 0x000001f02dd70000]
CodeHeap 'profiled nmethods': size=120000Kb used=45558Kb max_used=47512Kb free=74441Kb
 bounds [0x000001f01f300000, 0x000001f022170000, 0x000001f026830000]
CodeHeap 'non-nmethods': size=5696Kb used=1377Kb max_used=1427Kb free=4318Kb
 bounds [0x000001f01ed70000, 0x000001f01efe0000, 0x000001f01f300000]
 total_blobs=14657 nmethods=13985 adapters=579
 compilation: enabled
              stopped_count=0, restarted_count=0
 full_count=0

Compilation events (20 events):
Event: 108.228 Thread 0x000001f03555d000 16415       4       org.jetbrains.kotlin.ir.declarations.IrFunction::acceptChildren (181 bytes)
Event: 108.229 Thread 0x000001f035570800 nmethod 16413 0x000001f0213c1890 code [0x000001f0213c1c40, 0x000001f0213c3038]
Event: 108.229 Thread 0x000001f035570800 16414       3       org.jetbrains.kotlin.backend.common.lower.ExpectDeclarationRemover::tryCopyDefaultArguments (344 bytes)
Event: 108.233 Thread 0x000001f035570800 nmethod 16414 0x000001f020a43190 code [0x000001f020a43820, 0x000001f020a47638]
Event: 108.239 Thread 0x000001f035570800 16417       3       org.jetbrains.kotlin.backend.common.DeclarationTransformer$Visitor::visitExpressionBody (13 bytes)
Event: 108.240 Thread 0x000001f035570800 nmethod 16417 0x000001f020d35f90 code [0x000001f020d36260, 0x000001f020d36e28]
Event: 108.240 Thread 0x000001f035570800 16418       3       org.jetbrains.kotlin.backend.common.DeclarationTransformer$Visitor::visitField (13 bytes)
Event: 108.242 Thread 0x000001f035570800 nmethod 16418 0x000001f0209f7d10 code [0x000001f0209f8020, 0x000001f0209f8ea8]
Event: 108.242 Thread 0x000001f035570800 16419       3       org.jetbrains.kotlin.ir.declarations.impl.IrFieldImpl::getParent (17 bytes)
Event: 108.243 Thread 0x000001f035570800 nmethod 16419 0x000001f020287410 code [0x000001f0202876a0, 0x000001f020287f18]
Event: 108.244 Thread 0x000001f035570800 16420       3       org.jetbrains.kotlin.backend.common.DeclarationTransformer$Visitor::visitProperty (13 bytes)
Event: 108.244 Thread 0x000001f035570800 nmethod 16420 0x000001f01fa2ae10 code [0x000001f01fa2b060, 0x000001f01fa2b7e8]
Event: 108.245 Thread 0x000001f035570800 16422       3       org.jetbrains.kotlin.ir.declarations.impl.IrPropertyCommonImpl::getParent (17 bytes)
Event: 108.246 Thread 0x000001f035570800 nmethod 16422 0x000001f0203ab290 code [0x000001f0203ab520, 0x000001f0203abd98]
Event: 108.252 Thread 0x000001f03555d000 nmethod 16415 0x000001f026e9f590 code [0x000001f026e9f7e0, 0x000001f026e9ff18]
Event: 108.252 Thread 0x000001f03555d000 16421       4       org.jetbrains.kotlin.backend.common.lower.ExpectDeclarationRemover::transformFlat (42 bytes)
Event: 108.257 Thread 0x000001f03555d000 nmethod 16421 0x000001f027149c90 code [0x000001f027149e80, 0x000001f02714a040]
Event: 108.257 Thread 0x000001f03555d000 16423       4       org.jetbrains.kotlin.ir.util.AdditionalIrUtilsKt::isTopLevelDeclaration (38 bytes)
Event: 108.259 Thread 0x000001f03555d000 nmethod 16423 0x000001f027149890 code [0x000001f027149a40, 0x000001f027149b58]
Event: 108.259 Thread 0x000001f03555d000 16416       4       org.jetbrains.kotlin.backend.common.lower.ExpectDeclarationsRemoveLowering::transformFlat (15 bytes)

GC Heap History (20 events):
Event: 49.218 GC heap before
{Heap before GC invocations=11 (full 0):
 garbage-first heap   total 157696K, used 110592K [0x0000000081400000, 0x0000000100000000)
  region size 1024K, 64 young (65536K), 8 survivors (8192K)
 Metaspace       used 67181K, capacity 68048K, committed 68304K, reserved 1110016K
  class space    used 7455K, capacity 7801K, committed 7932K, reserved 1048576K
}
Event: 49.257 GC heap after
{Heap after GC invocations=12 (full 0):
 garbage-first heap   total 157696K, used 58880K [0x0000000081400000, 0x0000000100000000)
  region size 1024K, 6 young (6144K), 6 survivors (6144K)
 Metaspace       used 67181K, capacity 68048K, committed 68304K, reserved 1110016K
  class space    used 7455K, capacity 7801K, committed 7932K, reserved 1048576K
}
Event: 58.597 GC heap before
{Heap before GC invocations=12 (full 0):
 garbage-first heap   total 157696K, used 118272K [0x0000000081400000, 0x0000000100000000)
  region size 1024K, 61 young (62464K), 6 survivors (6144K)
 Metaspace       used 69388K, capacity 70298K, committed 70480K, reserved 1112064K
  class space    used 7622K, capacity 7987K, committed 8060K, reserved 1048576K
}
Event: 58.628 GC heap after
{Heap after GC invocations=13 (full 0):
 garbage-first heap   total 157696K, used 66918K [0x0000000081400000, 0x0000000100000000)
  region size 1024K, 7 young (7168K), 7 survivors (7168K)
 Metaspace       used 69388K, capacity 70298K, committed 70480K, reserved 1112064K
  class space    used 7622K, capacity 7987K, committed 8060K, reserved 1048576K
}
Event: 69.862 GC heap before
{Heap before GC invocations=13 (full 0):
 garbage-first heap   total 157696K, used 120166K [0x0000000081400000, 0x0000000100000000)
  region size 1024K, 59 young (60416K), 7 survivors (7168K)
 Metaspace       used 70219K, capacity 71078K, committed 71376K, reserved 1112064K
  class space    used 7683K, capacity 8054K, committed 8188K, reserved 1048576K
}
Event: 69.894 GC heap after
{Heap after GC invocations=14 (full 0):
 garbage-first heap   total 157696K, used 71013K [0x0000000081400000, 0x0000000100000000)
  region size 1024K, 4 young (4096K), 4 survivors (4096K)
 Metaspace       used 70219K, capacity 71078K, committed 71376K, reserved 1112064K
  class space    used 7683K, capacity 8054K, committed 8188K, reserved 1048576K
}
Event: 77.340 GC heap before
{Heap before GC invocations=14 (full 0):
 garbage-first heap   total 157696K, used 123237K [0x0000000081400000, 0x0000000100000000)
  region size 1024K, 55 young (56320K), 4 survivors (4096K)
 Metaspace       used 70632K, capacity 71544K, committed 71888K, reserved 1114112K
  class space    used 7689K, capacity 8056K, committed 8188K, reserved 1048576K
}
Event: 77.362 GC heap after
{Heap after GC invocations=15 (full 0):
 garbage-first heap   total 157696K, used 73876K [0x0000000081400000, 0x0000000100000000)
  region size 1024K, 7 young (7168K), 7 survivors (7168K)
 Metaspace       used 70632K, capacity 71544K, committed 71888K, reserved 1114112K
  class space    used 7689K, capacity 8056K, committed 8188K, reserved 1048576K
}
Event: 84.756 GC heap before
{Heap before GC invocations=15 (full 0):
 garbage-first heap   total 157696K, used 126100K [0x0000000081400000, 0x0000000100000000)
  region size 1024K, 58 young (59392K), 7 survivors (7168K)
 Metaspace       used 70925K, capacity 71874K, committed 72144K, reserved 1114112K
  class space    used 7701K, capacity 8058K, committed 8188K, reserved 1048576K
}
Event: 84.791 GC heap after
{Heap after GC invocations=16 (full 0):
 garbage-first heap   total 157696K, used 78062K [0x0000000081400000, 0x0000000100000000)
  region size 1024K, 8 young (8192K), 8 survivors (8192K)
 Metaspace       used 70925K, capacity 71874K, committed 72144K, reserved 1114112K
  class space    used 7701K, capacity 8058K, committed 8188K, reserved 1048576K
}
Event: 93.431 GC heap before
{Heap before GC invocations=16 (full 0):
 garbage-first heap   total 157696K, used 128238K [0x0000000081400000, 0x0000000100000000)
  region size 1024K, 57 young (58368K), 8 survivors (8192K)
 Metaspace       used 71742K, capacity 72717K, committed 72912K, reserved 1114112K
  class space    used 7753K, capacity 8125K, committed 8188K, reserved 1048576K
}
Event: 93.464 GC heap after
{Heap after GC invocations=17 (full 0):
 garbage-first heap   total 157696K, used 80727K [0x0000000081400000, 0x0000000100000000)
  region size 1024K, 3 young (3072K), 3 survivors (3072K)
 Metaspace       used 71742K, capacity 72717K, committed 72912K, reserved 1114112K
  class space    used 7753K, capacity 8125K, committed 8188K, reserved 1048576K
}
Event: 98.026 GC heap before
{Heap before GC invocations=17 (full 0):
 garbage-first heap   total 157696K, used 126807K [0x0000000081400000, 0x0000000100000000)
  region size 1024K, 49 young (50176K), 3 survivors (3072K)
 Metaspace       used 76988K, capacity 77880K, committed 78000K, reserved 1118208K
  class space    used 8204K, capacity 8571K, committed 8668K, reserved 1048576K
}
Event: 98.046 GC heap after
{Heap after GC invocations=18 (full 0):
 garbage-first heap   total 157696K, used 81723K [0x0000000081400000, 0x0000000100000000)
  region size 1024K, 4 young (4096K), 4 survivors (4096K)
 Metaspace       used 76988K, capacity 77880K, committed 78000K, reserved 1118208K
  class space    used 8204K, capacity 8571K, committed 8668K, reserved 1048576K
}
Event: 103.838 GC heap before
{Heap before GC invocations=19 (full 0):
 garbage-first heap   total 157696K, used 130875K [0x0000000081400000, 0x0000000100000000)
  region size 1024K, 52 young (53248K), 4 survivors (4096K)
 Metaspace       used 78851K, capacity 79768K, committed 79920K, reserved 1120256K
  class space    used 8343K, capacity 8731K, committed 8796K, reserved 1048576K
}
Event: 103.894 GC heap after
{Heap after GC invocations=20 (full 0):
 garbage-first heap   total 157696K, used 87012K [0x0000000081400000, 0x0000000100000000)
  region size 1024K, 7 young (7168K), 7 survivors (7168K)
 Metaspace       used 78851K, capacity 79768K, committed 79920K, reserved 1120256K
  class space    used 8343K, capacity 8731K, committed 8796K, reserved 1048576K
}
Event: 107.433 GC heap before
{Heap before GC invocations=21 (full 0):
 garbage-first heap   total 157696K, used 131044K [0x0000000081400000, 0x0000000100000000)
  region size 1024K, 50 young (51200K), 7 survivors (7168K)
 Metaspace       used 79379K, capacity 80312K, committed 80432K, reserved 1120256K
  class space    used 8395K, capacity 8763K, committed 8796K, reserved 1048576K
}
Event: 107.475 GC heap after
{Heap after GC invocations=22 (full 0):
 garbage-first heap   total 157696K, used 93688K [0x0000000081400000, 0x0000000100000000)
  region size 1024K, 7 young (7168K), 7 survivors (7168K)
 Metaspace       used 79379K, capacity 80312K, committed 80432K, reserved 1120256K
  class space    used 8395K, capacity 8763K, committed 8796K, reserved 1048576K
}
Event: 108.259 GC heap before
{Heap before GC invocations=22 (full 0):
 garbage-first heap   total 157696K, used 102904K [0x0000000081400000, 0x0000000100000000)
  region size 1024K, 17 young (17408K), 7 survivors (7168K)
 Metaspace       used 81226K, capacity 82107K, committed 82224K, reserved 1128448K
  class space    used 8594K, capacity 8956K, committed 9052K, reserved 1048576K
}
Event: 108.277 GC heap after
{Heap after GC invocations=23 (full 0):
 garbage-first heap   total 157696K, used 94208K [0x0000000081400000, 0x0000000100000000)
  region size 1024K, 1 young (1024K), 1 survivors (1024K)
 Metaspace       used 81226K, capacity 82107K, committed 82224K, reserved 1128448K
  class space    used 8594K, capacity 8956K, committed 9052K, reserved 1048576K
}

Deoptimization events (20 events):
Event: 107.939 Thread 0x000001f014de0000 Uncommon trap: trap_request=0xffffffc6 fr.pc=0x000001f026b72f5c relative=0x00000000000006dc
Event: 107.939 Thread 0x000001f014de0000 Uncommon trap: reason=bimorphic_or_optimized_type_check action=maybe_recompile pc=0x000001f026b72f5c method=org.jetbrains.kotlin.descriptors.impl.PackageFragmentDescriptorImpl.accept(Lorg/jetbrains/kotlin/descriptors/DeclarationDescriptorVisitor;Ljava/lan
Event: 107.939 Thread 0x000001f014de0000 DEOPT PACKING pc=0x000001f026b72f5c sp=0x000000b0d32fdd80
Event: 107.939 Thread 0x000001f014de0000 DEOPT UNPACKING pc=0x000001f01edba1af sp=0x000000b0d32fdd58 mode 2
Event: 107.940 Thread 0x000001f014de0000 Uncommon trap: trap_request=0xffffffc6 fr.pc=0x000001f026b72f5c relative=0x00000000000006dc
Event: 107.940 Thread 0x000001f014de0000 Uncommon trap: reason=bimorphic_or_optimized_type_check action=maybe_recompile pc=0x000001f026b72f5c method=org.jetbrains.kotlin.descriptors.impl.PackageFragmentDescriptorImpl.accept(Lorg/jetbrains/kotlin/descriptors/DeclarationDescriptorVisitor;Ljava/lan
Event: 107.940 Thread 0x000001f014de0000 DEOPT PACKING pc=0x000001f026b72f5c sp=0x000000b0d32fdd50
Event: 107.940 Thread 0x000001f014de0000 DEOPT UNPACKING pc=0x000001f01edba1af sp=0x000000b0d32fdd28 mode 2
Event: 107.986 Thread 0x000001f014de0000 Uncommon trap: trap_request=0xffffffde fr.pc=0x000001f0274742d4 relative=0x00000000000004d4
Event: 107.986 Thread 0x000001f014de0000 Uncommon trap: reason=class_check action=maybe_recompile pc=0x000001f0274742d4 method=org.jetbrains.kotlin.ir.util.TypeTranslator.getTypeParametersResolver()Lorg/jetbrains/kotlin/ir/util/TypeParametersResolver; @ 15 c2
Event: 107.986 Thread 0x000001f014de0000 DEOPT PACKING pc=0x000001f0274742d4 sp=0x000000b0d32fe2d0
Event: 107.986 Thread 0x000001f014de0000 DEOPT UNPACKING pc=0x000001f01edba1af sp=0x000000b0d32fe250 mode 2
Event: 107.987 Thread 0x000001f014de0000 Uncommon trap: trap_request=0xffffffde fr.pc=0x000001f0274742d4 relative=0x00000000000004d4
Event: 107.987 Thread 0x000001f014de0000 Uncommon trap: reason=class_check action=maybe_recompile pc=0x000001f0274742d4 method=org.jetbrains.kotlin.ir.util.TypeTranslator.getTypeParametersResolver()Lorg/jetbrains/kotlin/ir/util/TypeParametersResolver; @ 15 c2
Event: 107.987 Thread 0x000001f014de0000 DEOPT PACKING pc=0x000001f0274742d4 sp=0x000000b0d32fe2d0
Event: 107.987 Thread 0x000001f014de0000 DEOPT UNPACKING pc=0x000001f01edba1af sp=0x000000b0d32fe250 mode 2
Event: 107.996 Thread 0x000001f014de0000 Uncommon trap: trap_request=0xffffff4d fr.pc=0x000001f026df6d78 relative=0x0000000000000338
Event: 107.996 Thread 0x000001f014de0000 Uncommon trap: reason=unstable_if action=reinterpret pc=0x000001f026df6d78 method=org.jetbrains.kotlin.ir.util.IdSignature$CommonSignature.equals(Ljava/lang/Object;)Z @ 38 c2
Event: 107.996 Thread 0x000001f014de0000 DEOPT PACKING pc=0x000001f026df6d78 sp=0x000000b0d32fe800
Event: 107.996 Thread 0x000001f014de0000 DEOPT UNPACKING pc=0x000001f01edba1af sp=0x000000b0d32fe7a0 mode 2

Classes redefined (0 events):
No events

Internal exceptions (20 events):
Event: 31.599 Thread 0x000001f014de0000 Exception <a 'java/lang/NoSuchMethodError'{0x0000000085f20520}: 'java.lang.Object java.lang.invoke.DirectMethodHandle$Holder.invokeStatic(java.lang.Object, int, java.lang.Object)'> (0x0000000085f20520) thrown at [./src/hotspot/share/interpreter/linkResolver.cpp, line 773]
Event: 39.340 Thread 0x000001f014de0000 Exception <a 'java/lang/NoSuchMethodError'{0x000000008637b800}: 'java.lang.Object java.lang.invoke.DirectMethodHandle$Holder.invokeInterface(java.lang.Object, java.lang.Object, java.lang.Object)'> (0x000000008637b800) thrown at [./src/hotspot/share/interpreter/linkResolver.cpp, line 773]
Event: 39.340 Thread 0x000001f014de0000 Exception <a 'java/lang/IncompatibleClassChangeError'{0x000000008637ea30}: Found class java.lang.Object, but interface was expected> (0x000000008637ea30) thrown at [./src/hotspot/share/interpreter/linkResolver.cpp, line 839]
Event: 39.940 Thread 0x000001f014de0000 Exception <a 'java/lang/NoSuchMethodError'{0x000000008a45d340}: 'java.lang.Object java.lang.invoke.Invokers$Holder.linkToTargetMethod(java.lang.Object, java.lang.Object, java.lang.Object, java.lang.Object, java.lang.Object, java.lang.Object, java.lang.Object)'> (0x000000008a45d340) thrown at [./src/hotspot/share/interpreter/linkResolver.cpp, line 773]
Event: 41.021 Thread 0x000001f014de0000 Implicit null exception at 0x000001f026c35a7c to 0x000001f026c36c2c
Event: 42.342 Thread 0x000001f014de0000 Exception <a 'java/lang/NoSuchMethodError'{0x00000000894ef8d0}: 'java.lang.Object java.lang.invoke.Invokers$Holder.linkToTargetMethod(java.lang.Object, java.lang.Object, java.lang.Object, int, int, java.lang.Object)'> (0x00000000894ef8d0) thrown at [./src/hotspot/share/interpreter/linkResolver.cpp, line 773]
Event: 42.365 Thread 0x000001f014de0000 Implicit null exception at 0x000001f026ce6ca3 to 0x000001f026ce6e72
Event: 45.189 Thread 0x000001f014de0000 Implicit null exception at 0x000001f026887b75 to 0x000001f026887d3c
Event: 47.363 Thread 0x000001f014de0000 Implicit null exception at 0x000001f026cc2904 to 0x000001f026cc4b2c
Event: 48.900 Thread 0x000001f014de0000 Implicit null exception at 0x000001f026dd398f to 0x000001f026dd3b8c
Event: 51.838 Thread 0x000001f014de0000 Implicit null exception at 0x000001f026e0c27c to 0x000001f026e0c580
Event: 51.896 Thread 0x000001f014de0000 Implicit null exception at 0x000001f026c81cfa to 0x000001f026c81fd8
Event: 52.240 Thread 0x000001f014de0000 Implicit null exception at 0x000001f026eb4774 to 0x000001f026eb4d7c
Event: 85.598 Thread 0x000001f014de0000 Implicit null exception at 0x000001f02713c153 to 0x000001f02713c370
Event: 85.599 Thread 0x000001f014de0000 Implicit null exception at 0x000001f0270800b3 to 0x000001f0270802e4
Event: 96.598 Thread 0x000001f014de0000 Exception <a 'java/lang/NoSuchMethodError'{0x00000000890c9f00}: 'java.lang.Object java.lang.invoke.DirectMethodHandle$Holder.invokeStaticInit(java.lang.Object, java.lang.Object, java.lang.Object, java.lang.Object)'> (0x00000000890c9f00) thrown at [./src/hotspot/share/interpreter/linkResolver.cpp, line 773]
Event: 97.322 Thread 0x000001f014de0000 Exception <a 'java/lang/NoSuchMethodError'{0x00000000887f23a8}: 'int java.lang.invoke.DirectMethodHandle$Holder.invokeStaticInit(java.lang.Object, java.lang.Object, java.lang.Object, java.lang.Object)'> (0x00000000887f23a8) thrown at [./src/hotspot/share/interpreter/linkResolver.cpp, line 773]
Event: 98.070 Thread 0x000001f014de0000 Implicit null exception at 0x000001f026895674 to 0x000001f02689588c
Event: 103.002 Thread 0x000001f014de0000 Implicit null exception at 0x000001f026f895ac to 0x000001f026f89b20
Event: 107.843 Thread 0x000001f014de0000 Implicit null exception at 0x000001f0274990ec to 0x000001f027499161

Events (20 events):
Event: 108.161 loading class org/jetbrains/kotlin/backend/common/DeclarationTransformer$Visitor done
Event: 108.167 loading class org/jetbrains/kotlin/backend/common/DeclarationTransformer$transformFlatRestricted$1
Event: 108.167 loading class org/jetbrains/kotlin/backend/common/DeclarationTransformer$transformFlatRestricted$1 done
Event: 108.248 loading class org/jetbrains/kotlin/backend/jvm/lower/SerializeIrPhase
Event: 108.248 loading class org/jetbrains/kotlin/backend/jvm/lower/SerializeIrPhase done
Event: 108.249 loading class org/jetbrains/kotlin/backend/jvm/lower/ScriptsToClassesLowering
Event: 108.249 loading class org/jetbrains/kotlin/backend/jvm/lower/ScriptsToClassesLowering done
Event: 108.254 loading class org/jetbrains/kotlin/backend/jvm/lower/ScriptsToClassesLowering$scriptingJvmPackage$2
Event: 108.254 loading class org/jetbrains/kotlin/backend/jvm/lower/ScriptsToClassesLowering$scriptingJvmPackage$2 done
Event: 108.255 loading class org/jetbrains/kotlin/ir/declarations/IrScript
Event: 108.255 loading class org/jetbrains/kotlin/ir/declarations/IrScript done
Event: 108.255 loading class org/jetbrains/kotlin/backend/jvm/lower/ScriptsToClassesSymbolRemapper
Event: 108.255 loading class org/jetbrains/kotlin/backend/jvm/lower/ScriptsToClassesSymbolRemapper done
Event: 108.256 loading class org/jetbrains/kotlin/ir/util/SymbolRemapper$Empty
Event: 108.256 loading class org/jetbrains/kotlin/ir/util/SymbolRemapper$Empty done
Event: 108.256 loading class org/jetbrains/kotlin/ir/util/SymbolRemapper
Event: 108.256 loading class org/jetbrains/kotlin/ir/util/SymbolRemapper done
Event: 108.257 loading class org/jetbrains/kotlin/backend/jvm/lower/FileClassLowering
Event: 108.257 loading class org/jetbrains/kotlin/backend/jvm/lower/FileClassLowering done
Event: 108.259 Executing VM operation: CollectForMetadataAllocation


Dynamic libraries:
0x00007ff681b90000 - 0x00007ff681b9d000 	C:\Program Files\Microsoft\jdk-11.0.18.10-hotspot\bin\java.exe
0x00007ffcf9930000 - 0x00007ffcf9b28000 	C:\WINDOWS\SYSTEM32\ntdll.dll
0x00007ffcf95c0000 - 0x00007ffcf967f000 	C:\WINDOWS\System32\KERNEL32.DLL
0x00007ffcf7480000 - 0x00007ffcf7776000 	C:\WINDOWS\System32\KERNELBASE.dll
0x00007ffcf7380000 - 0x00007ffcf7480000 	C:\WINDOWS\System32\ucrtbase.dll
0x00007ffcdbc90000 - 0x00007ffcdbca7000 	C:\Program Files\Microsoft\jdk-11.0.18.10-hotspot\bin\jli.dll
0x00007ffcf7cc0000 - 0x00007ffcf7e5d000 	C:\WINDOWS\System32\USER32.dll
0x00007ffcf7350000 - 0x00007ffcf7372000 	C:\WINDOWS\System32\win32u.dll
0x00007ffcf7ae0000 - 0x00007ffcf7b0c000 	C:\WINDOWS\System32\GDI32.dll
0x00007ffcf7160000 - 0x00007ffcf7275000 	C:\WINDOWS\System32\gdi32full.dll
0x00007ffcf7280000 - 0x00007ffcf731d000 	C:\WINDOWS\System32\msvcp_win.dll
0x00007ffcd6e70000 - 0x00007ffcd6e85000 	C:\Program Files\Microsoft\jdk-11.0.18.10-hotspot\bin\VCRUNTIME140.dll
0x00007ffcddac0000 - 0x00007ffcddd5a000 	C:\WINDOWS\WinSxS\amd64_microsoft.windows.common-controls_6595b64144ccf1df_6.0.19041.1110_none_60b5254171f9507e\COMCTL32.dll
0x00007ffcf89c0000 - 0x00007ffcf8a5e000 	C:\WINDOWS\System32\msvcrt.dll
0x00007ffcf7ed0000 - 0x00007ffcf7f00000 	C:\WINDOWS\System32\IMM32.DLL
0x00007ffcc0fd0000 - 0x00007ffcc106b000 	C:\Program Files\Microsoft\jdk-11.0.18.10-hotspot\bin\msvcp140.dll
0x00007ffcab340000 - 0x00007ffcabed2000 	C:\Program Files\Microsoft\jdk-11.0.18.10-hotspot\bin\server\jvm.dll
0x00007ffcf7f60000 - 0x00007ffcf800f000 	C:\WINDOWS\System32\ADVAPI32.dll
0x00007ffcf91b0000 - 0x00007ffcf924c000 	C:\WINDOWS\System32\sechost.dll
0x00007ffcf79b0000 - 0x00007ffcf7ad6000 	C:\WINDOWS\System32\RPCRT4.dll
0x00007ffcf7ec0000 - 0x00007ffcf7ec8000 	C:\WINDOWS\System32\PSAPI.DLL
0x00007ffce1580000 - 0x00007ffce1589000 	C:\WINDOWS\SYSTEM32\WSOCK32.dll
0x00007ffcf9680000 - 0x00007ffcf96eb000 	C:\WINDOWS\System32\WS2_32.dll
0x00007ffcd7400000 - 0x00007ffcd7427000 	C:\WINDOWS\SYSTEM32\WINMM.dll
0x00007ffcee350000 - 0x00007ffcee35a000 	C:\WINDOWS\SYSTEM32\VERSION.dll
0x00007ffcf5860000 - 0x00007ffcf5872000 	C:\WINDOWS\SYSTEM32\kernel.appcore.dll
0x00007ffce7c60000 - 0x00007ffce7c70000 	C:\Program Files\Microsoft\jdk-11.0.18.10-hotspot\bin\verify.dll
0x00007ffcf4dd0000 - 0x00007ffcf4fb4000 	C:\WINDOWS\SYSTEM32\DBGHELP.DLL
0x00007ffce20c0000 - 0x00007ffce20f4000 	C:\WINDOWS\SYSTEM32\dbgcore.DLL
0x00007ffcf7080000 - 0x00007ffcf7102000 	C:\WINDOWS\System32\bcryptPrimitives.dll
0x00007ffcd3a70000 - 0x00007ffcd3a98000 	C:\Program Files\Microsoft\jdk-11.0.18.10-hotspot\bin\java.dll
0x00007ffcd9fb0000 - 0x00007ffcd9fba000 	C:\Program Files\Microsoft\jdk-11.0.18.10-hotspot\bin\jimage.dll
0x00007ffcd1e10000 - 0x00007ffcd1e28000 	C:\Program Files\Microsoft\jdk-11.0.18.10-hotspot\bin\zip.dll
0x00007ffcf8a60000 - 0x00007ffcf91a4000 	C:\WINDOWS\System32\SHELL32.dll
0x00007ffcf50b0000 - 0x00007ffcf5843000 	C:\WINDOWS\SYSTEM32\windows.storage.dll
0x00007ffcf8010000 - 0x00007ffcf8364000 	C:\WINDOWS\System32\combase.dll
0x00007ffcf6990000 - 0x00007ffcf69be000 	C:\WINDOWS\SYSTEM32\Wldp.dll
0x00007ffcf9250000 - 0x00007ffcf92fd000 	C:\WINDOWS\System32\SHCORE.dll
0x00007ffcf9890000 - 0x00007ffcf98e5000 	C:\WINDOWS\System32\shlwapi.dll
0x00007ffcf6f50000 - 0x00007ffcf6f6f000 	C:\WINDOWS\SYSTEM32\profapi.dll
0x00007ffcd17d0000 - 0x00007ffcd17e9000 	C:\Program Files\Microsoft\jdk-11.0.18.10-hotspot\bin\net.dll
0x00007ffce8360000 - 0x00007ffce846a000 	C:\WINDOWS\SYSTEM32\WINHTTP.dll
0x00007ffcf66f0000 - 0x00007ffcf675a000 	C:\WINDOWS\system32\mswsock.dll
0x00007ffcd17b0000 - 0x00007ffcd17c3000 	C:\Program Files\Microsoft\jdk-11.0.18.10-hotspot\bin\nio.dll

dbghelp: loaded successfully - version: 4.0.5 - missing functions: none
symbol engine: initialized successfully - sym options: 0x614 - pdb path: .;C:\Program Files\Microsoft\jdk-11.0.18.10-hotspot\bin;C:\WINDOWS\SYSTEM32;C:\WINDOWS\WinSxS\amd64_microsoft.windows.common-controls_6595b64144ccf1df_6.0.19041.1110_none_60b5254171f9507e;C:\Program Files\Microsoft\jdk-11.0.18.10-hotspot\bin\server

VM Arguments:
java_command: org.jetbrains.kotlin.cli.jvm.K2JVMCompiler @J:\laragon\www\app\node_modules\react-native-gesture-handler\android\build\20230611_294282169680059503.compiler.options
java_class_path (initial): C:\Users\hp\.gradle\caches\modules-2\files-2.1\org.jetbrains.kotlin\kotlin-compiler-embeddable\1.6.21\97bdd5a752ce73b58ef16c17bc7f0ea2faff7a2e\kotlin-compiler-embeddable-1.6.21.jar;C:\Users\hp\.gradle\caches\modules-2\files-2.1\org.jetbrains.kotlin\kotlin-reflect\1.6.21\5dc3574d9b7bebfcb4ec6b10ada4aaa9e140bd0b\kotlin-reflect-1.6.21.jar;C:\Users\hp\.gradle\caches\modules-2\files-2.1\org.jetbrains.kotlin\kotlin-stdlib\1.6.21\11ef67f1900634fd951bad28c53ec957fabbe5b8\kotlin-stdlib-1.6.21.jar;C:\Users\hp\.gradle\caches\modules-2\files-2.1\org.jetbrains.kotlin\kotlin-script-runtime\1.6.21\99c6675100da5d6d5b1c5a1032f27f28008d101b\kotlin-script-runtime-1.6.21.jar;C:\Users\hp\.gradle\caches\modules-2\files-2.1\org.jetbrains.kotlin\kotlin-daemon-embeddable\1.6.21\46b78cf392e1c4f10854c3cadba44abb7b82250f\kotlin-daemon-embeddable-1.6.21.jar;C:\Users\hp\.gradle\caches\modules-2\files-2.1\org.jetbrains.intellij.deps\trove4j\1.0.20200330\3afb14d5f9ceb459d724e907a21145e8ff394f02\trove4j-1.0.20200330.jar;C:\Users\hp\.gradle\caches\modules-2\files-2.1\net.java.dev.jna\jna\5.6.0\330f2244e9030119ab3030fc3fededc86713d9cc\jna-5.6.0.jar;C:\Users\hp\.gradle\caches\modules-2\files-2.1\org.jetbrains.kotlin\kotlin-stdlib-common\1.6.21\5e5b55c26dbc80372a920aef60eb774b714559b8\kotlin-stdlib-common-1.6.21.jar;C:\Users\hp\.gradle\caches\modules-2\files-2.1\org.jetbrains\annotations\13.0\919f0dfe192fb4e063e7dacadee7f8bb9a2672a9\annotations-13.0.jar
Launcher Type: SUN_STANDARD

[Global flags]
     intx CICompilerCount                          = 3                                         {product} {ergonomic}
     uint ConcGCThreads                            = 1                                         {product} {ergonomic}
     uint G1ConcRefinementThreads                  = 4                                         {product} {ergonomic}
   size_t G1HeapRegionSize                         = 1048576                                   {product} {ergonomic}
    uintx GCDrainStackTargetSize                   = 64                                        {product} {ergonomic}
   size_t InitialHeapSize                          = 134217728                                 {product} {ergonomic}
   size_t MarkStackSize                            = 4194304                                   {product} {ergonomic}
   size_t MaxHeapSize                              = 2126512128                                {product} {ergonomic}
   size_t MaxNewSize                               = 1275068416                                {product} {ergonomic}
   size_t MinHeapDeltaBytes                        = 1048576                                   {product} {ergonomic}
    uintx NonNMethodCodeHeapSize                   = 5830732                                {pd product} {ergonomic}
    uintx NonProfiledCodeHeapSize                  = 122913754                              {pd product} {ergonomic}
    uintx ProfiledCodeHeapSize                     = 122913754                              {pd product} {ergonomic}
    uintx ReservedCodeCacheSize                    = 251658240                              {pd product} {ergonomic}
     bool SegmentedCodeCache                       = true                                      {product} {ergonomic}
     bool UseCompressedClassPointers               = true                                 {lp64_product} {ergonomic}
     bool UseCompressedOops                        = true                                 {lp64_product} {ergonomic}
     bool UseG1GC                                  = true                                      {product} {ergonomic}
     bool UseLargePagesIndividualAllocation        = false                                  {pd product} {ergonomic}

Logging:
Log output configuration:
 #0: stdout all=warning uptime,level,tags
 #1: stderr all=off uptime,level,tags

Environment Variables:
JAVA_HOME=C:\Program Files\Microsoft\jdk-11.0.18.10-hotspot\
CLASSPATH=J:\laragon\www\app\android\\gradle\wrapper\gradle-wrapper.jar
PATH=J:\laragon\www\app\android\node_modules\.bin;J:\laragon\www\app\node_modules\.bin;J:\laragon\www\node_modules\.bin;J:\laragon\node_modules\.bin;J:\node_modules\.bin;C:\Program Files\nodejs;J:\laragon\www\app\node_modules\.bin;C:\Users\hp\bin;C:\Program Files\Git\mingw64\bin;C:\Program Files\Git\usr\local\bin;C:\Program Files\Git\usr\bin;C:\Program Files\Git\usr\bin;C:\Program Files\Git\mingw64\bin;C:\Program Files\Git\usr\bin;C:\Users\hp\bin;C:\Program Files\Microsoft\jdk-11.0.18.10-hotspot\bin;C:\Users\hp\AppData\Local\Programs\Python\Python39\Scripts;C:\Users\hp\AppData\Local\Programs\Python\Python39;C:\Python311\Scripts;C:\Python311;C:\Python310\Scripts;C:\Python310;C:\Python39\Scripts;C:\Python39;C:\ProgramData\chocolatey\bin;C:\Users\hp\AppData\Local\Android\Sdk\platform-tools;J:\laragon\bin\php\php-8.1.10-Win32-vs16-x64;C:\composer;C:\Program Files\OpenJDK\openjdk-8u262-b10\bin;C:\Program Files\Git\cmd;C:\Users\hp\AppData\Roaming\npm;C:\WINDOWS\system32;C:\WINDOWS;C:\WINDOWS\System32\Wbem;C:\WINDOWS\System32\WindowsPowerShell\v1.0;C:\WINDOWS\System32\OpenSSH;C:\Program Files\dotnet;C:\Program Files (x86)\dotnet;C:\Program Files\nodejs;J:\laragon\bin\php\php-8.1.10-Win32-vs16-x64;C:\Users\hp\AppData\Local\Android\Sdk\platform-tools;C:\Users\hp\AppData\Roaming\Composer\vendor\bin;C:\Program Files\Java\jdk1.8.0_271;C:\Users\hp\AppData\Local\Programs\Microsoft VS Code\bin;C:\Users\hp\AppData\Local\GitHubDesktop\bin;C:\Users\hp\AppData\Roaming\npm;C:\Program Files\nodejs;C:\Program Files\Git\usr\bin\vendor_perl;C:\Program Files\Git\usr\bin\core_perl
USERNAME=hp
SHELL=C:\Program Files\Git\usr\bin\bash.exe
DISPLAY=needs-to-be-defined
LANG=en_US.UTF-8
TERM=xterm-256color
TMPDIR=C:\Users\hp\AppData\Local\Temp
OS=Windows_NT
PROCESSOR_IDENTIFIER=Intel64 Family 6 Model 78 Stepping 3, GenuineIntel
TMP=C:\Users\hp\AppData\Local\Temp
TEMP=C:\Users\hp\AppData\Local\Temp



---------------  S Y S T E M  ---------------

OS: Windows 10 , 64 bit Build 19041 (10.0.19041.2913)
OS uptime: 0 days 10:04 hours

CPU:total 4 (initial active 4) (2 cores per cpu, 2 threads per core) family 6 model 78 stepping 3 microcode 0xcc, cmov, cx8, fxsr, mmx, sse, sse2, sse3, ssse3, sse4.1, sse4.2, popcnt, avx, avx2, aes, clmul, erms, 3dnowpref, lzcnt, ht, tsc, tscinvbit, bmi1, bmi2, adx, fma

Memory: 4k page, system-wide physical 8108M (363M free)
TotalPageFile size 10156M (AvailPageFile size 7M)
current process WorkingSet (physical memory assigned to process): 397M, peak: 399M
current process commit charge ("private bytes"): 431M, peak: 433M

vm_info: OpenJDK 64-Bit Server VM (11.0.18+10-LTS) for windows-amd64 JRE (11.0.18+10-LTS), built on Jan 18 2023 15:56:47 by "MicrosoftCorporation" with MS VC++ 15.9 (VS2017)

END.
